<?xml version="1.0" encoding="utf-8" standalone="no"?>
<!--This file represents the results of running a test suite-->
<test-results name="D:\visual-studio-projects\EventPublisher\EventPublisher.Unit.Tests\bin\Debug\EventPublisher.Unit.Tests.dll" total="1" errors="0" failures="0" not-run="0" inconclusive="0" ignored="0" skipped="0" invalid="0" date="2015-03-09" time="22:20:18">
  <environment nunit-version="2.6.3.13283" clr-version="2.0.50727.8009" os-version="Microsoft Windows NT 6.2.9200.0" platform="Win32NT" cwd="C:\Program Files (x86)\NUnit 2.6.3\bin" machine-name="FLUFFIO-PC" user="TeckLoy" user-domain="FLUFFIO-PC" />
  <culture-info current-culture="en-GB" current-uiculture="en-GB" />
  <test-suite type="Assembly" name="D:\visual-studio-projects\EventPublisher\EventPublisher.Unit.Tests\bin\Debug\EventPublisher.Unit.Tests.dll" executed="True" result="Success" success="True" time="0.419" asserts="0">
    <results>
      <test-suite type="Namespace" name="EventPublisher" executed="True" result="Success" success="True" time="0.406" asserts="0">
        <results>
          <test-suite type="Namespace" name="Unit" executed="True" result="Success" success="True" time="0.406" asserts="0">
            <results>
              <test-suite type="Namespace" name="Tests" executed="True" result="Success" success="True" time="0.406" asserts="0">
                <results>
                  <test-suite type="TestFixture" name="KnightTests" executed="True" result="Success" success="True" time="0.404" asserts="0">
                    <results>
                      <test-case name="EventPublisher.Unit.Tests.KnightTests.Knight_Blocks_Calls_MinionAttack" executed="True" result="Success" success="True" time="0.394" asserts="0" />
                    </results>
                  </test-suite>
                </results>
              </test-suite>
            </results>
          </test-suite>
        </results>
      </test-suite>
    </results>
  </test-suite>
</test-results>